foundry.mjs:121882 Foundry VTT | Activating pending audio playback with user gesture.
swade-summary.js:182 SWADE Summary | Preparing template data for characters: 6
swade-summary.js:185 SWADE Summary | Processing actor: Astrid aka Kayfabe ID: EGMnzRiagJbJmMWn
swade-summary.js:197 SWADE Summary | Actor edges: (6) [{…}, {…}, {…}, {…}, {…}, {…}]
swade-summary.js:198 SWADE Summary | Actor hindrances: (3) [{…}, {…}, {…}]
swade-summary.js:185 SWADE Summary | Processing actor: cia (Psique) ID: cLAo7RgD3IbOdlLW
swade-summary.js:197 SWADE Summary | Actor edges: (4) [{…}, {…}, {…}, {…}]
swade-summary.js:198 SWADE Summary | Actor hindrances: (3) [{…}, {…}, {…}]
swade-summary.js:185 SWADE Summary | Processing actor: Diana ID: K921FcoZwuGBmXKV
swade-summary.js:197 SWADE Summary | Actor edges: (6) [{…}, {…}, {…}, {…}, {…}, {…}]
swade-summary.js:198 SWADE Summary | Actor hindrances: (3) [{…}, {…}, {…}]
swade-summary.js:185 SWADE Summary | Processing actor: Eslizon esmeralda ID: bzox1KA12MYI8GAF
swade-summary.js:197 SWADE Summary | Actor edges: (4) [{…}, {…}, {…}, {…}]
swade-summary.js:198 SWADE Summary | Actor hindrances: (3) [{…}, {…}, {…}]
swade-summary.js:185 SWADE Summary | Processing actor: Hotman ID: 5Ohf5nuo2Xdr7pY7
swade-summary.js:197 SWADE Summary | Actor edges: (3) [{…}, {…}, {…}]
swade-summary.js:198 SWADE Summary | Actor hindrances: []
swade-summary.js:185 SWADE Summary | Processing actor: Justa aka Sentencia ID: OZ35OdDLRsZ5i269
swade-summary.js:197 SWADE Summary | Actor edges: (5) [{…}, {…}, {…}, {…}, {…}]
swade-summary.js:198 SWADE Summary | Actor hindrances: (3) [{…}, {…}, {…}]
swade-summary.js:208 SWADE Summary | Final template data: (6) [{…}, {…}, {…}, {…}, {…}, {…}]
foundry.mjs:6712  Error: You are accessing the global "renderTemplate" which is now namespaced under foundry.applications.handlebars.renderTemplate
Deprecated since Version 13
Backwards-compatible support will be removed in Version 15
    at logCompatibilityWarning (foundry.mjs:6700:17)
    at get (foundry.mjs:180831:9)
    at SWADESummary.showSelectedCharactersSummary (swade-summary.js:125:25)
    at HTMLDivElement.<anonymous> (swade-summary.js:106:18)
    at HTMLDivElement.dispatch (jquery.min.js:2:40035)
    at v.handle (jquery.min.js:2:38006)
logCompatibilityWarning @ foundry.mjs:6712
get @ foundry.mjs:180831
showSelectedCharactersSummary @ swade-summary.js:125
(anonymous) @ swade-summary.js:106
dispatch @ jquery.min.js:2
v.handle @ jquery.min.js:2
foundry.mjs:65769 Foundry VTT | Retrieved and compiled template modules/swade-summary/templates/character-summary.hbs
foundry.mjs:6712  Error: The V1 Application framework is deprecated, and will be removed in a later core software version. Please use the V2 version of the Application framework available under foundry.applications.api.ApplicationV2.
Deprecated since Version 13
Backwards-compatible support will be removed in Version 16
    at Object.logCompatibilityWarning (foundry.mjs:6700:17)
    at new Application (foundry.mjs:36946:21)
    at new Dialog (foundry.mjs:116920:5)
    at SWADESummary.showSelectedCharactersSummary (swade-summary.js:130:24)
logCompatibilityWarning @ foundry.mjs:6712
Application @ foundry.mjs:36946
Dialog @ foundry.mjs:116920
showSelectedCharactersSummary @ swade-summary.js:130
await in showSelectedCharactersSummary
(anonymous) @ swade-summary.js:106
dispatch @ jquery.min.js:2
v.handle @ jquery.min.js:2
foundry.mjs:37289 Foundry VTT | Rendering Dialog
foundry.mjs:65769 Foundry VTT | Retrieved and compiled template templates/hud/dialog.html
foundry.mjs:65769 Foundry VTT | Retrieved and compiled template templates/app-window.html
swade-summary.js:282 SWADE Summary | Adding click handlers
swade-summary.js:290 SWADE Summary | Found item links: 43
swade-summary.js:295 SWADE Summary | Item clicked
swade-summary.js:301 SWADE Summary | Item data: {itemId: 'oKf0v6XlbH578aqA', actorId: 'cLAo7RgD3IbOdlLW'}
swade-summary.js:322 SWADE Summary | showItemDescription called with: {itemId: 'oKf0v6XlbH578aqA', actorId: 'cLAo7RgD3IbOdlLW'}
swade-summary.js:325 SWADE Summary | Found actor: SwadeActor {name: 'cia (Psique)', img: 'tokenizer/pc-images/cia_psique_.Avatar.webp?1754816490437', #validationFailures: {…}, #tokenImages: null, #lastWildcard: null, …}
swade-summary.js:334 SWADE Summary | Found item: SwadeItem {name: 'Heroico', type: 'hindrance', img: 'systems/swade/assets/icons/hindrance.svg', system: HindranceData, #validationFailures: {…}, …}
swade-summary.js:354 SWADE Summary | Item description: <p>Esta alma noble nunca dice no a una persona necesitada. No tiene que estar feliz por ello, pero siempre acude al rescate de aquellos que siente que no pueden ayudarse a sí mismos. Es el primero en correr hacia un edificio en llamas, generalmente acepta cazar monstruos por poco o ningún pago, y es, en general, un blando ante una historia triste.</p>
foundry.mjs:37289 Foundry VTT | Rendering Dialog
swade-summary.js:309 SWADE Summary | Item clicked (delegated)
swade-summary.js:315 SWADE Summary | Item data (delegated): {itemId: 'oKf0v6XlbH578aqA', actorId: 'cLAo7RgD3IbOdlLW'}
swade-summary.js:322 SWADE Summary | showItemDescription called with: {itemId: 'oKf0v6XlbH578aqA', actorId: 'cLAo7RgD3IbOdlLW'}
swade-summary.js:325 SWADE Summary | Found actor: SwadeActor {name: 'cia (Psique)', img: 'tokenizer/pc-images/cia_psique_.Avatar.webp?1754816490437', #validationFailures: {…}, #tokenImages: null, #lastWildcard: null, …}
swade-summary.js:334 SWADE Summary | Found item: SwadeItem {name: 'Heroico', type: 'hindrance', img: 'systems/swade/assets/icons/hindrance.svg', system: HindranceData, #validationFailures: {…}, …}
swade-summary.js:354 SWADE Summary | Item description: <p>Esta alma noble nunca dice no a una persona necesitada. No tiene que estar feliz por ello, pero siempre acude al rescate de aquellos que siente que no pueden ayudarse a sí mismos. Es el primero en correr hacia un edificio en llamas, generalmente acepta cazar monstruos por poco o ningún pago, y es, en general, un blando ante una historia triste.</p>
foundry.mjs:37289 Foundry VTT | Rendering Dialog
swade-summary.js:295 SWADE Summary | Item clicked
swade-summary.js:301 SWADE Summary | Item data: {itemId: 'i1RdwTCo9ZKkp7ER', actorId: '5Ohf5nuo2Xdr7pY7'}
swade-summary.js:322 SWADE Summary | showItemDescription called with: {itemId: 'i1RdwTCo9ZKkp7ER', actorId: '5Ohf5nuo2Xdr7pY7'}
swade-summary.js:325 SWADE Summary | Found actor: SwadeActor {name: 'Hotman', img: 'tokenizer/pc-images/hotman.Avatar.mlGS3HtGBC9S7QI6.webp?1753030500075', #validationFailures: {…}, #tokenImages: null, #lastWildcard: null, …}
swade-summary.js:334 SWADE Summary | Found item: SwadeItem {name: 'Aristocrat', type: 'edge', img: 'systems/swade/assets/icons/edge.svg', system: EdgeData, #validationFailures: {…}, …}
swade-summary.js:354 SWADE Summary | Item description: <article class="swade-core">
<p>This individual was born into privilege or came into it later in life. She may or may not have money (the @Compendium[swade-core-rules.swade-edges.Rich]{Rich} or @Compendium[swade-core-rules.swade-edges.Filthy Rich]{Filthy Rich} Edge), but she still walks in the elite social circles of the setting.</p>
<p>Aristocrats add +2 to @Compendium[swade-core-rules.swade-skills.Persuasion]{Persuasion} when <strong>@UUID[Compendium.swade-core-rules.swade-rules.swadecor04theadv.JournalEntryPage.04networking0000]{Networking} </strong>with the local elite, captains of industry, nobles, or other aristocrats. They also add +2 to @Compendium[swade-core-rules.swade-skills.Common Knowledge]{Common Knowledge} rolls made to know the etiquette of the upper class, recognize family trees or heraldry, or recall gossip concerning others of their station</p>
</article>
foundry.mjs:37289 Foundry VTT | Rendering Dialog
swade-summary.js:309 SWADE Summary | Item clicked (delegated)
swade-summary.js:315 SWADE Summary | Item data (delegated): {itemId: 'i1RdwTCo9ZKkp7ER', actorId: '5Ohf5nuo2Xdr7pY7'}
swade-summary.js:322 SWADE Summary | showItemDescription called with: {itemId: 'i1RdwTCo9ZKkp7ER', actorId: '5Ohf5nuo2Xdr7pY7'}
swade-summary.js:325 SWADE Summary | Found actor: SwadeActor {name: 'Hotman', img: 'tokenizer/pc-images/hotman.Avatar.mlGS3HtGBC9S7QI6.webp?1753030500075', #validationFailures: {…}, #tokenImages: null, #lastWildcard: null, …}
swade-summary.js:334 SWADE Summary | Found item: SwadeItem {name: 'Aristocrat', type: 'edge', img: 'systems/swade/assets/icons/edge.svg', system: EdgeData, #validationFailures: {…}, …}
swade-summary.js:354 SWADE Summary | Item description: <article class="swade-core">
<p>This individual was born into privilege or came into it later in life. She may or may not have money (the @Compendium[swade-core-rules.swade-edges.Rich]{Rich} or @Compendium[swade-core-rules.swade-edges.Filthy Rich]{Filthy Rich} Edge), but she still walks in the elite social circles of the setting.</p>
<p>Aristocrats add +2 to @Compendium[swade-core-rules.swade-skills.Persuasion]{Persuasion} when <strong>@UUID[Compendium.swade-core-rules.swade-rules.swadecor04theadv.JournalEntryPage.04networking0000]{Networking} </strong>with the local elite, captains of industry, nobles, or other aristocrats. They also add +2 to @Compendium[swade-core-rules.swade-skills.Common Knowledge]{Common Knowledge} rolls made to know the etiquette of the upper class, recognize family trees or heraldry, or recall gossip concerning others of their station</p>
</article>
foundry.mjs:37289 Foundry VTT | Rendering Dialog
swade-summary.js:295 SWADE Summary | Item clicked
swade-summary.js:301 SWADE Summary | Item data: {itemId: '58iUbmMOtkIgD68U', actorId: 'OZ35OdDLRsZ5i269'}
swade-summary.js:322 SWADE Summary | showItemDescription called with: {itemId: '58iUbmMOtkIgD68U', actorId: 'OZ35OdDLRsZ5i269'}
swade-summary.js:325 SWADE Summary | Found actor: SwadeActor {name: 'Justa aka Sentencia', img: 'tokenizer/pc-images/justa_aka_sentencia.Avatar.x1aSJUexTBJuPDK2.webp?1752431980656', #validationFailures: {…}, #tokenImages: null, #lastWildcard: null, …}
swade-summary.js:334 SWADE Summary | Found item: SwadeItem {name: 'Atractivo', type: 'edge', img: 'systems/swade/assets/icons/edge.svg', system: EdgeData, #validationFailures: {…}, …}
swade-summary.js:354 SWADE Summary | Item description: <p>No es ningún secreto que la gente está más dispuesta a ayudar a quienes consideran físicamente atractivos. Tu personaje añade +1 a las tiradas de @Compendium[swade-core-rules.swade-skills.Performance]{Interpretación} y @Compendium[swade-core-rules.swade-skills.Persuasion]{Persuasión} si el objetivo se siente atraído por su tipo general (género, sexo, especie, etc.).</p>
foundry.mjs:37289 Foundry VTT | Rendering Dialog
swade-summary.js:309 SWADE Summary | Item clicked (delegated)
swade-summary.js:315 SWADE Summary | Item data (delegated): {itemId: '58iUbmMOtkIgD68U', actorId: 'OZ35OdDLRsZ5i269'}
swade-summary.js:322 SWADE Summary | showItemDescription called with: {itemId: '58iUbmMOtkIgD68U', actorId: 'OZ35OdDLRsZ5i269'}
swade-summary.js:325 SWADE Summary | Found actor: SwadeActor {name: 'Justa aka Sentencia', img: 'tokenizer/pc-images/justa_aka_sentencia.Avatar.x1aSJUexTBJuPDK2.webp?1752431980656', #validationFailures: {…}, #tokenImages: null, #lastWildcard: null, …}
swade-summary.js:334 SWADE Summary | Found item: SwadeItem {name: 'Atractivo', type: 'edge', img: 'systems/swade/assets/icons/edge.svg', system: EdgeData, #validationFailures: {…}, …}
swade-summary.js:354 SWADE Summary | Item description: <p>No es ningún secreto que la gente está más dispuesta a ayudar a quienes consideran físicamente atractivos. Tu personaje añade +1 a las tiradas de @Compendium[swade-core-rules.swade-skills.Performance]{Interpretación} y @Compendium[swade-core-rules.swade-skills.Persuasion]{Persuasión} si el objetivo se siente atraído por su tipo general (género, sexo, especie, etc.).</p>
foundry.mjs:37289 Foundry VTT | Rendering Dialog
